#
# A fatal error has been detected by the Java Runtime Environment:
#
#  EXCEPTION_ACCESS_VIOLATION (0xc0000005) at pc=0x00007ffd765e0e98, pid=4552, tid=7196
#
# JRE version: OpenJDK Runtime Environment (11.0.10) (build 11.0.10+0-b96-7249189)
# Java VM: OpenJDK 64-Bit Server VM (11.0.10+0-b96-7249189, mixed mode, tiered, compressed oops, g1 gc, windows-amd64)
# Problematic frame:
# V  [jvm.dll+0x830e98]
#
# No core dump will be written. Minidumps are not enabled by default on client versions of Windows
#
# If you would like to submit a bug report, please visit:
#   https://bugreport.java.com/bugreport/crash.jsp
#

---------------  S U M M A R Y ------------

Command Line: --add-opens=java.base/java.util=ALL-UNNAMED --add-opens=java.base/java.lang=ALL-UNNAMED --add-opens=java.base/java.lang.invoke=ALL-UNNAMED --add-opens=java.base/java.util=ALL-UNNAMED --add-opens=java.prefs/java.util.prefs=ALL-UNNAMED --add-opens=java.prefs/java.util.prefs=ALL-UNNAMED --add-opens=java.base/java.nio.charset=ALL-UNNAMED --add-opens=java.base/java.net=ALL-UNNAMED --add-opens=java.base/java.util.concurrent.atomic=ALL-UNNAMED -Xmx2048m -Dfile.encoding=UTF-8 -Duser.country=IN -Duser.language=en -Duser.variant org.gradle.launcher.daemon.bootstrap.GradleDaemon 7.0.2

Host: Intel(R) Core(TM) i5-2430M CPU @ 2.40GHz, 4 cores, 7G,  Windows 10 , 64 bit Build 19041 (10.0.19041.1202)
Time: Wed Sep 29 11:17:08 2021 India Standard Time elapsed time: 118.673967 seconds (0d 0h 1m 58s)

---------------  T H R E A D  ---------------

Current thread (0x0000028569b26000):  GCTaskThread "GC Thread#3" [stack: 0x000000ad3d200000,0x000000ad3d300000] [id=7196]

Stack: [0x000000ad3d200000,0x000000ad3d300000],  sp=0x000000ad3d2fef48,  free space=1019k
Native frames: (J=compiled Java code, j=interpreted, Vv=VM code, C=native code)
V  [jvm.dll+0x830e98]


siginfo: EXCEPTION_ACCESS_VIOLATION (0xc0000005), data execution prevention violation at address 0x00007ffd765e0e98


Register to memory mapping:

RIP=0x00007ffd765e0e98 jvm.dll
RAX=0x0000000000000285 is an unknown value
RBX=0x00000000870b5fb0 is an oop: 
[error occurred during error reporting (printing register info), id 0xc0000005, EXCEPTION_ACCESS_VIOLATION (0xc0000005) at pc=0x00007ffd7638a02d]

Registers:
RAX=0x0000000000000285, RBX=0x00000000870b5fb0, RCX=0x000002856d7f3450, RDX=0x00000000870b5fb0
RSP=0x000000ad3d2fef48, RBP=0x0000000000000039, RSI=0x000002856d7f32e0, RDI=0x000002856d7f32e0
R8 =0x0000000100020238, R9 =0x00007ffd76743400, R10=0x0000000000000008, R11=0x0000028560720eee
R12=0x000000000cf60208, R13=0x0000000000000000, R14=0x0000000000000007, R15=0x00000000870b5fb0
RIP=0x00007ffd765e0e98, EFLAGS=0x0000000000010202

Top of Stack: (sp=0x000000ad3d2fef48)
0x000000ad3d2fef48:   00007ffd760afd67 00000000870b5fb0
0x000000ad3d2fef58:   0000000000000039 000002854d681770
0x000000ad3d2fef68:   000002856d7f32e0 0000000000000000
0x000000ad3d2fef78:   00007ffd760af854 000002856d7f32e0
0x000000ad3d2fef88:   0000000086533201 0000000000000039
0x000000ad3d2fef98:   0000000000000039 000002854d5d36f0
0x000000ad3d2fefa8:   0000000081522200 000000026d7f3402
0x000000ad3d2fefb8:   0000000000000045 0000000000000001
0x000000ad3d2fefc8:   000002856d7f32e0 0000000000000040
0x000000ad3d2fefd8:   000002854d5d3770 0000000000000000
0x000000ad3d2fefe8:   000002856d7f32e0 000000ad3d2ff201
0x000000ad3d2feff8:   00007ffd76081282 000002856d7f3200
0x000000ad3d2ff008:   00007ffd76084101 0000000000000000
0x000000ad3d2ff018:   00000000865332bc 000002854d5d36f0
0x000000ad3d2ff028:   00007ffd760adb7b 00000000000013c2
0x000000ad3d2ff038:   000000000000139c 000000ad3d2ff201 

Instructions: (pc=0x00007ffd765e0e98)
0x00007ffd765e0d98:   79 20 25 73 00 00 00 00 55 6e 61 62 6c 65 20 74
0x00007ffd765e0da8:   6f 20 72 65 63 6f 76 65 72 20 4a 46 52 20 64 61
0x00007ffd765e0db8:   74 61 00 00 00 00 00 00 41 74 74 65 6d 70 74 69
0x00007ffd765e0dc8:   6e 67 20 74 6f 20 72 65 63 6f 76 65 72 20 4a 46
0x00007ffd765e0dd8:   52 20 64 61 74 61 2c 20 65 6d 65 72 67 65 6e 63
0x00007ffd765e0de8:   79 20 6a 66 72 20 66 69 6c 65 3a 20 25 73 00 00
0x00007ffd765e0df8:   43 72 61 73 68 00 00 00 4f 75 74 20 6f 66 20 4d
0x00007ffd765e0e08:   65 6d 6f 72 79 00 00 00 43 6f 64 65 00 00 00 00
0x00007ffd765e0e18:   4a 00 00 00 63 6f 6d 6d 69 74 00 00 00 00 00 00
0x00007ffd765e0e28:   65 76 65 6e 74 48 61 6e 64 6c 65 72 00 00 00 00
0x00007ffd765e0e38:   69 73 45 6e 61 62 6c 65 64 00 00 00 28 29 5a 00
0x00007ffd765e0e48:   73 68 6f 75 6c 64 43 6f 6d 6d 69 74 00 00 00 00
0x00007ffd765e0e58:   73 74 61 72 74 54 69 6d 65 00 00 00 00 00 00 00
0x00007ffd765e0e68:   4c 6a 64 6b 2f 6a 66 72 2f 69 6e 74 65 72 6e 61
0x00007ffd765e0e78:   6c 2f 68 61 6e 64 6c 65 72 73 2f 45 76 65 6e 74
0x00007ffd765e0e88:   48 61 6e 64 6c 65 72 3b 00 00 00 00 00 00 00 00
0x00007ffd765e0e98:   4c 6a 61 76 61 2f 6c 61 6e 67 2f 4f 62 6a 65 63
0x00007ffd765e0ea8:   74 3b 00 00 00 00 00 00 3c 63 6c 69 6e 69 74 3e
0x00007ffd765e0eb8:   00 00 00 00 00 00 00 00 6a 64 6b 2f 6a 66 72 2f
0x00007ffd765e0ec8:   46 6c 69 67 68 74 52 65 63 6f 72 64 65 72 00 00
0x00007ffd765e0ed8:   72 65 67 69 73 74 65 72 00 00 00 00 00 00 00 00
0x00007ffd765e0ee8:   28 4c 6a 61 76 61 2f 6c 61 6e 67 2f 43 6c 61 73
0x00007ffd765e0ef8:   73 3b 29 56 00 00 00 00 53 74 61 63 6b 4d 61 70
0x00007ffd765e0f08:   54 61 62 6c 65 00 00 00 45 78 63 65 70 74 69 6f
0x00007ffd765e0f18:   6e 73 00 00 00 00 00 00 4c 69 6e 65 4e 75 6d 62
0x00007ffd765e0f28:   65 72 54 61 62 6c 65 00 52 75 6e 74 69 6d 65 56
0x00007ffd765e0f38:   69 73 69 62 6c 65 41 6e 6e 6f 74 61 74 69 6f 6e
0x00007ffd765e0f48:   00 00 00 00 00 00 00 00 76 61 6c 75 65 00 00 00
0x00007ffd765e0f58:   6a 64 6b 2e 6a 66 72 00 4c 6a 64 6b 2f 6a 66 72
0x00007ffd765e0f68:   2f 52 65 67 69 73 74 65 72 65 64 3b 00 00 00 00
0x00007ffd765e0f78:   61 63 63 65 73 73 20 62 65 79 6f 6e 64 20 74 68
0x00007ffd765e0f88:   65 20 65 6e 64 20 6f 66 20 61 74 74 72 69 62 75 


Stack slot to memory mapping:
stack at sp + 0 slots: 0x00007ffd760afd67 jvm.dll
stack at sp + 1 slots: 0x00000000870b5fb0 is an oop: 
[error occurred during error reporting (inspecting top of stack), id 0xc0000005, EXCEPTION_ACCESS_VIOLATION (0xc0000005) at pc=0x00007ffd7638a02d]


---------------  P R O C E S S  ---------------

Threads class SMR info:
_java_thread_list=0x00000285685151f0, length=53, elements={
0x000002854d5b7800, 0x000002856793d800, 0x000002856793f800, 0x00000285682e2800,
0x0000028567958000, 0x000002856795d000, 0x0000028567964000, 0x000002856796a000,
0x000002856796f800, 0x000002856841f800, 0x0000028569cc9000, 0x0000028568528800,
0x000002856b03e800, 0x000002856afd9800, 0x00000285698b8800, 0x000002856a2cb800,
0x00000285690d0000, 0x000002856a66a800, 0x000002856ace9000, 0x000002856ace8000,
0x000002856ace6800, 0x000002856ace9800, 0x000002856ace4000, 0x000002856ace4800,
0x000002856ace7000, 0x000002856acea800, 0x000002856ace5800, 0x000002856b79a800,
0x000002856b79c000, 0x000002856b798000, 0x000002856b799000, 0x000002856b799800,
0x000002856b797800, 0x000002856b79e000, 0x00000285693c8000, 0x00000285693c6800,
0x00000285693c5800, 0x00000285693c7000, 0x00000285693c9000, 0x00000285693c5000,
0x00000285693c9800, 0x00000285693cd000, 0x00000285693cf800, 0x00000285693ca800,
0x00000285693d0000, 0x00000285693ce800, 0x00000285693d2000, 0x00000285693d2800,
0x00000285693cd800, 0x00000285693d1000, 0x00000285693cb800, 0x000002856d7e2000,
0x000002856ac86800
}

Java Threads: ( => current thread )
  0x000002854d5b7800 JavaThread "main" [_thread_blocked, id=8636, stack(0x000000ad3b500000,0x000000ad3b600000)]
  0x000002856793d800 JavaThread "Reference Handler" daemon [_thread_blocked, id=7108, stack(0x000000ad3bc00000,0x000000ad3bd00000)]
  0x000002856793f800 JavaThread "Finalizer" daemon [_thread_blocked, id=1348, stack(0x000000ad3bd00000,0x000000ad3be00000)]
  0x00000285682e2800 JavaThread "Signal Dispatcher" daemon [_thread_blocked, id=11224, stack(0x000000ad3be00000,0x000000ad3bf00000)]
  0x0000028567958000 JavaThread "Attach Listener" daemon [_thread_blocked, id=244, stack(0x000000ad3bf00000,0x000000ad3c000000)]
  0x000002856795d000 JavaThread "Service Thread" daemon [_thread_blocked, id=10752, stack(0x000000ad3c000000,0x000000ad3c100000)]
  0x0000028567964000 JavaThread "C2 CompilerThread0" daemon [_thread_blocked, id=12128, stack(0x000000ad3c100000,0x000000ad3c200000)]
  0x000002856796a000 JavaThread "C1 CompilerThread0" daemon [_thread_blocked, id=7364, stack(0x000000ad3c200000,0x000000ad3c300000)]
  0x000002856796f800 JavaThread "Sweeper thread" daemon [_thread_blocked, id=12116, stack(0x000000ad3c300000,0x000000ad3c400000)]
  0x000002856841f800 JavaThread "Common-Cleaner" daemon [_thread_blocked, id=9204, stack(0x000000ad3c400000,0x000000ad3c500000)]
  0x0000028569cc9000 JavaThread "Daemon health stats" [_thread_blocked, id=5184, stack(0x000000ad3c900000,0x000000ad3ca00000)]
  0x0000028568528800 JavaThread "Incoming local TCP Connector on port 55563" [_thread_in_native, id=1284, stack(0x000000ad3c600000,0x000000ad3c700000)]
  0x000002856b03e800 JavaThread "Daemon periodic checks" [_thread_blocked, id=7744, stack(0x000000ad3ca00000,0x000000ad3cb00000)]
  0x000002856afd9800 JavaThread "Daemon" [_thread_blocked, id=10732, stack(0x000000ad3cb00000,0x000000ad3cc00000)]
  0x00000285698b8800 JavaThread "Handler for socket connection from /127.0.0.1:55563 to /127.0.0.1:55564" [_thread_in_native, id=10452, stack(0x000000ad3cc00000,0x000000ad3cd00000)]
  0x000002856a2cb800 JavaThread "Cancel handler" [_thread_blocked, id=2112, stack(0x000000ad3cd00000,0x000000ad3ce00000)]
  0x00000285690d0000 JavaThread "Daemon worker" [_thread_blocked, id=3104, stack(0x000000ad3ce00000,0x000000ad3cf00000)]
  0x000002856a66a800 JavaThread "Asynchronous log dispatcher for DefaultDaemonConnection: socket connection from /127.0.0.1:55563 to /127.0.0.1:55564" [_thread_blocked, id=10356, stack(0x000000ad3cf00000,0x000000ad3d000000)]
  0x000002856ace9000 JavaThread "Daemon client event forwarder" [_thread_blocked, id=12156, stack(0x000000ad3d100000,0x000000ad3d200000)]
  0x000002856ace8000 JavaThread "Cache worker for file hash cache (C:\Users\ishaa\.gradle\caches\7.0.2\fileHashes)" [_thread_blocked, id=8628, stack(0x000000ad3d300000,0x000000ad3d400000)]
  0x000002856ace6800 JavaThread "File lock request listener" [_thread_in_native, id=3224, stack(0x000000ad3d400000,0x000000ad3d500000)]
  0x000002856ace9800 JavaThread "Cache worker for journal cache (C:\Users\ishaa\.gradle\caches\journal-1)" [_thread_blocked, id=2544, stack(0x000000ad3d500000,0x000000ad3d600000)]
  0x000002856ace4000 JavaThread "Cache worker for file hash cache (C:\Users\ishaa\AndroidStudioProjects\Calculator\.gradle\7.0.2\fileHashes)" [_thread_blocked, id=1056, stack(0x000000ad3d700000,0x000000ad3d800000)]
  0x000002856ace4800 JavaThread "File watcher server" daemon [_thread_blocked, id=10636, stack(0x000000ad3d800000,0x000000ad3d900000)]
  0x000002856ace7000 JavaThread "File watcher consumer" daemon [_thread_blocked, id=5948, stack(0x000000ad3d900000,0x000000ad3da00000)]
  0x000002856acea800 JavaThread "Cache worker for checksums cache (C:\Users\ishaa\AndroidStudioProjects\Calculator\.gradle\checksums)" [_thread_blocked, id=3112, stack(0x000000ad3da00000,0x000000ad3db00000)]
  0x000002856ace5800 JavaThread "Cache worker for cache directory md-supplier (C:\Users\ishaa\.gradle\caches\7.0.2\md-supplier)" [_thread_blocked, id=6288, stack(0x000000ad3db00000,0x000000ad3dc00000)]
  0x000002856b79a800 JavaThread "Cache worker for cache directory md-rule (C:\Users\ishaa\.gradle\caches\7.0.2\md-rule)" [_thread_blocked, id=6916, stack(0x000000ad3dc00000,0x000000ad3dd00000)]
  0x000002856b79c000 JavaThread "Cache worker for execution history cache (C:\Users\ishaa\.gradle\caches\7.0.2\executionHistory)" [_thread_blocked, id=9532, stack(0x000000ad3dd00000,0x000000ad3de00000)]
  0x000002856b798000 JavaThread "jar transforms" [_thread_blocked, id=5000, stack(0x000000ad3de00000,0x000000ad3df00000)]
  0x000002856b799000 JavaThread "jar transforms Thread 2" [_thread_blocked, id=3612, stack(0x000000ad3df00000,0x000000ad3e000000)]
  0x000002856b799800 JavaThread "Cache worker for file content cache (C:\Users\ishaa\.gradle\caches\7.0.2\fileContent)" [_thread_blocked, id=10580, stack(0x000000ad3e000000,0x000000ad3e100000)]
  0x000002856b797800 JavaThread "Cache worker for dependencies-accessors (C:\Users\ishaa\AndroidStudioProjects\Calculator\.gradle\7.0.2\dependencies-accessors)" [_thread_blocked, id=6896, stack(0x000000ad3e100000,0x000000ad3e200000)]
  0x000002856b79e000 JavaThread "jar transforms Thread 3" [_thread_blocked, id=3116, stack(0x000000ad3e200000,0x000000ad3e300000)]
  0x00000285693c8000 JavaThread "Cache worker for Build Output Cleanup Cache (C:\Users\ishaa\AndroidStudioProjects\Calculator\.gradle\buildOutputCleanup)" [_thread_blocked, id=2652, stack(0x000000ad3e300000,0x000000ad3e400000)]
  0x00000285693c6800 JavaThread "Build operations" [_thread_blocked, id=12204, stack(0x000000ad3d600000,0x000000ad3d700000)]
  0x00000285693c5800 JavaThread "Build operations Thread 2" [_thread_blocked, id=11760, stack(0x000000ad3e400000,0x000000ad3e500000)]
  0x00000285693c7000 JavaThread "Build operations Thread 3" [_thread_blocked, id=9096, stack(0x000000ad3e500000,0x000000ad3e600000)]
  0x00000285693c9000 JavaThread "Build operations Thread 4" [_thread_blocked, id=7580, stack(0x000000ad3e600000,0x000000ad3e700000)]
  0x00000285693c5000 JavaThread "jar transforms Thread 4" [_thread_blocked, id=12260, stack(0x000000ad3e800000,0x000000ad3e900000)]
  0x00000285693c9800 JavaThread "Memory manager" [_thread_blocked, id=728, stack(0x000000ad3e900000,0x000000ad3ea00000)]
  0x00000285693cd000 JavaThread "build event listener" [_thread_blocked, id=9816, stack(0x000000ad3b300000,0x000000ad3b400000)]
  0x00000285693cf800 JavaThread "Execution worker for ':'" [_thread_blocked, id=7000, stack(0x000000ad3b400000,0x000000ad3b500000)]
  0x00000285693ca800 JavaThread "Execution worker for ':' Thread 2" [_thread_blocked, id=11908, stack(0x000000ad3d000000,0x000000ad3d100000)]
  0x00000285693d0000 JavaThread "Execution worker for ':' Thread 3" [_thread_blocked, id=8936, stack(0x000000ad3e700000,0x000000ad3e800000)]
  0x00000285693ce800 JavaThread "Cache worker for execution history cache (C:\Users\ishaa\AndroidStudioProjects\Calculator\.gradle\7.0.2\executionHistory)" [_thread_blocked, id=4528, stack(0x000000ad3ec00000,0x000000ad3ed00000)]
  0x00000285693d2000 JavaThread "WorkerExecutor Queue Thread 4" [_thread_blocked, id=6360, stack(0x000000ad3f300000,0x000000ad3f400000)]
  0x00000285693d2800 JavaThread "Java2D Disposer" daemon [_thread_blocked, id=388, stack(0x000000ad3f600000,0x000000ad3f700000)]
  0x00000285693cd800 JavaThread "pool-4-thread-1" [_thread_blocked, id=2748, stack(0x000000ad3ed00000,0x000000ad3ee00000)]
  0x00000285693d1000 JavaThread "stderr" [_thread_in_native, id=2992, stack(0x000000ad3b200000,0x000000ad3b300000)]
  0x00000285693cb800 JavaThread "stdout" [_thread_in_native, id=10032, stack(0x000000ad3ee00000,0x000000ad3ef00000)]
  0x000002856d7e2000 JavaThread "WorkerExecutor Queue Thread 5" [_thread_blocked, id=4944, stack(0x000000ad3f200000,0x000000ad3f300000)]
  0x000002856ac86800 JavaThread "C2 CompilerThread1" daemon [_thread_in_native, id=11036, stack(0x000000ad3f800000,0x000000ad3f900000)]

Other Threads:
  0x0000028567937800 VMThread "VM Thread" [stack: 0x000000ad3bb00000,0x000000ad3bc00000] [id=10368]
  0x000002856844a000 WatcherThread [stack: 0x000000ad3c500000,0x000000ad3c600000] [id=4748]
  0x000002854d5d1800 GCTaskThread "GC Thread#0" [stack: 0x000000ad3b600000,0x000000ad3b700000] [id=5400]
  0x0000028568c8e000 GCTaskThread "GC Thread#1" [stack: 0x000000ad3c700000,0x000000ad3c800000] [id=6348]
  0x00000285684eb000 GCTaskThread "GC Thread#2" [stack: 0x000000ad3c800000,0x000000ad3c900000] [id=9184]
=>0x0000028569b26000 GCTaskThread "GC Thread#3" [stack: 0x000000ad3d200000,0x000000ad3d300000] [id=7196]
  0x000002854d605800 ConcurrentGCThread "G1 Main Marker" [stack: 0x000000ad3b700000,0x000000ad3b800000] [id=8008]
  0x000002854d606800 ConcurrentGCThread "G1 Conc#0" [stack: 0x000000ad3b800000,0x000000ad3b900000] [id=7880]
  0x000002854d696000 ConcurrentGCThread "G1 Refine#0" [stack: 0x000000ad3b900000,0x000000ad3ba00000] [id=1432]
  0x000002856ebc8000 ConcurrentGCThread "G1 Refine#1" [stack: 0x000000ad3ef00000,0x000000ad3f000000] [id=7732]
  0x000002856f200800 ConcurrentGCThread "G1 Refine#2" [stack: 0x000000ad3f000000,0x000000ad3f100000] [id=12196]
  0x000002856acff800 ConcurrentGCThread "G1 Refine#3" [stack: 0x000000ad3f100000,0x000000ad3f200000] [id=1144]
  0x000002854d697000 ConcurrentGCThread "G1 Young RemSet Sampling" [stack: 0x000000ad3ba00000,0x000000ad3bb00000] [id=11040]

Threads with active compile tasks:
C2 CompilerThread0 118704 16837       4       java.net.URLClassLoader::isSealed (70 bytes)
C2 CompilerThread1 118704 16771       4       org.gradle.internal.normalization.java.impl.ApiMemberWriter::writeMethod (63 bytes)

VM state:at safepoint (normal execution)

VM Mutex/Monitor currently owned by a thread:  ([mutex/lock_event])
[0x000002854d5b5fb0] Threads_lock - owner thread: 0x0000028567937800
[0x000002854d5b7000] Heap_lock - owner thread: 0x00000285693c5800

Heap address: 0x0000000080000000, size: 2048 MB, Compressed Oops mode: 32-bit
Narrow klass base: 0x0000000000000000, Narrow klass shift: 3
Compressed class space size: 1073741824 Address: 0x0000000100000000

Heap:
 garbage-first heap   total 189440K, used 164359K [0x0000000080000000, 0x0000000100000000)
  region size 1024K, 82 young (83968K), 7 survivors (7168K)
 Metaspace       used 109756K, capacity 112382K, committed 112588K, reserved 1146880K
  class space    used 13482K, capacity 14417K, committed 14540K, reserved 1048576K
Heap Regions: E=young(eden), S=young(survivor), O=old, HS=humongous(starts), HC=humongous(continues), CS=collection set, F=free, A=archive, TAMS=top-at-mark-start (previous, next)
|   0|0x0000000080000000, 0x0000000080100000, 0x0000000080100000|100%| O|  |TAMS 0x0000000080100000, 0x0000000080000000| Untracked 
|   1|0x0000000080100000, 0x0000000080200000, 0x0000000080200000|100%| O|  |TAMS 0x0000000080200000, 0x0000000080100000| Untracked 
|   2|0x0000000080200000, 0x0000000080300000, 0x0000000080300000|100%| O|  |TAMS 0x0000000080300000, 0x0000000080200000| Untracked 
|   3|0x0000000080300000, 0x0000000080400000, 0x0000000080400000|100%|HS|  |TAMS 0x0000000080400000, 0x0000000080300000| Complete 
|   4|0x0000000080400000, 0x0000000080500000, 0x0000000080500000|100%|HC|  |TAMS 0x0000000080500000, 0x0000000080400000| Complete 
|   5|0x0000000080500000, 0x0000000080600000, 0x0000000080600000|100%|HC|  |TAMS 0x0000000080600000, 0x0000000080500000| Complete 
|   6|0x0000000080600000, 0x0000000080700000, 0x0000000080700000|100%| O|  |TAMS 0x0000000080700000, 0x0000000080600000| Untracked 
|   7|0x0000000080700000, 0x0000000080800000, 0x0000000080800000|100%| O|  |TAMS 0x0000000080800000, 0x0000000080700000| Untracked 
|   8|0x0000000080800000, 0x0000000080900000, 0x0000000080900000|100%| O|  |TAMS 0x0000000080900000, 0x0000000080800000| Untracked 
|   9|0x0000000080900000, 0x0000000080a00000, 0x0000000080a00000|100%| O|  |TAMS 0x0000000080a00000, 0x0000000080900000| Untracked 
|  10|0x0000000080a00000, 0x0000000080b00000, 0x0000000080b00000|100%| O|  |TAMS 0x0000000080b00000, 0x0000000080a00000| Untracked 
|  11|0x0000000080b00000, 0x0000000080c00000, 0x0000000080c00000|100%| O|  |TAMS 0x0000000080c00000, 0x0000000080b00000| Untracked 
|  12|0x0000000080c00000, 0x0000000080d00000, 0x0000000080d00000|100%| O|  |TAMS 0x0000000080d00000, 0x0000000080c00000| Untracked 
|  13|0x0000000080d00000, 0x0000000080e00000, 0x0000000080e00000|100%| O|  |TAMS 0x0000000080e00000, 0x0000000080d00000| Untracked 
|  14|0x0000000080e00000, 0x0000000080f00000, 0x0000000080f00000|100%| O|  |TAMS 0x0000000080f00000, 0x0000000080e00000| Untracked 
|  15|0x0000000080f00000, 0x0000000081000000, 0x0000000081000000|100%| O|  |TAMS 0x0000000081000000, 0x0000000080f00000| Untracked 
|  16|0x0000000081000000, 0x0000000081100000, 0x0000000081100000|100%|HS|  |TAMS 0x0000000081100000, 0x0000000081000000| Complete 
|  17|0x0000000081100000, 0x0000000081200000, 0x0000000081200000|100%| O|  |TAMS 0x0000000081200000, 0x0000000081100000| Untracked 
|  18|0x0000000081200000, 0x0000000081300000, 0x0000000081300000|100%| O|  |TAMS 0x0000000081300000, 0x0000000081200000| Untracked 
|  19|0x0000000081300000, 0x0000000081400000, 0x0000000081400000|100%| O|  |TAMS 0x0000000081400000, 0x0000000081300000| Untracked 
|  20|0x0000000081400000, 0x0000000081500000, 0x0000000081500000|100%| O|  |TAMS 0x0000000081500000, 0x0000000081400000| Untracked 
|  21|0x0000000081500000, 0x0000000081600000, 0x0000000081600000|100%| O|  |TAMS 0x0000000081600000, 0x0000000081500000| Untracked 
|  22|0x0000000081600000, 0x0000000081700000, 0x0000000081700000|100%| O|  |TAMS 0x0000000081700000, 0x0000000081600000| Untracked 
|  23|0x0000000081700000, 0x0000000081800000, 0x0000000081800000|100%|HS|  |TAMS 0x0000000081800000, 0x0000000081700000| Complete 
|  24|0x0000000081800000, 0x0000000081900000, 0x0000000081900000|100%|HS|  |TAMS 0x0000000081900000, 0x0000000081800000| Complete 
|  25|0x0000000081900000, 0x0000000081a00000, 0x0000000081a00000|100%|HC|  |TAMS 0x0000000081a00000, 0x0000000081900000| Complete 
|  26|0x0000000081a00000, 0x0000000081b00000, 0x0000000081b00000|100%| O|  |TAMS 0x0000000081b00000, 0x0000000081a00000| Untracked 
|  27|0x0000000081b00000, 0x0000000081c00000, 0x0000000081c00000|100%| O|  |TAMS 0x0000000081c00000, 0x0000000081b00000| Untracked 
|  28|0x0000000081c00000, 0x0000000081d00000, 0x0000000081d00000|100%| O|  |TAMS 0x0000000081d00000, 0x0000000081c00000| Untracked 
|  29|0x0000000081d00000, 0x0000000081e00000, 0x0000000081e00000|100%| O|  |TAMS 0x0000000081e00000, 0x0000000081d00000| Untracked 
|  30|0x0000000081e00000, 0x0000000081f00000, 0x0000000081f00000|100%| O|  |TAMS 0x0000000081f00000, 0x0000000081e00000| Untracked 
|  31|0x0000000081f00000, 0x0000000082000000, 0x0000000082000000|100%| O|  |TAMS 0x0000000082000000, 0x0000000081f00000| Untracked 
|  32|0x0000000082000000, 0x0000000082100000, 0x0000000082100000|100%| O|  |TAMS 0x0000000082100000, 0x0000000082000000| Untracked 
|  33|0x0000000082100000, 0x0000000082200000, 0x0000000082200000|100%| O|  |TAMS 0x0000000082200000, 0x0000000082100000| Untracked 
|  34|0x0000000082200000, 0x0000000082300000, 0x0000000082300000|100%| O|  |TAMS 0x0000000082300000, 0x0000000082200000| Untracked 
|  35|0x0000000082300000, 0x0000000082400000, 0x0000000082400000|100%| O|  |TAMS 0x0000000082400000, 0x0000000082300000| Untracked 
|  36|0x0000000082400000, 0x0000000082500000, 0x0000000082500000|100%| O|  |TAMS 0x0000000082500000, 0x0000000082400000| Untracked 
|  37|0x0000000082500000, 0x0000000082600000, 0x0000000082600000|100%| O|  |TAMS 0x0000000082600000, 0x0000000082500000| Untracked 
|  38|0x0000000082600000, 0x0000000082700000, 0x0000000082700000|100%| O|  |TAMS 0x0000000082700000, 0x0000000082600000| Untracked 
|  39|0x0000000082700000, 0x0000000082800000, 0x0000000082800000|100%| O|  |TAMS 0x0000000082800000, 0x0000000082700000| Untracked 
|  40|0x0000000082800000, 0x0000000082900000, 0x0000000082900000|100%| O|  |TAMS 0x0000000082900000, 0x0000000082800000| Untracked 
|  41|0x0000000082900000, 0x0000000082a00000, 0x0000000082a00000|100%| O|  |TAMS 0x0000000082a00000, 0x0000000082900000| Untracked 
|  42|0x0000000082a00000, 0x0000000082b00000, 0x0000000082b00000|100%| O|  |TAMS 0x0000000082b00000, 0x0000000082a00000| Untracked 
|  43|0x0000000082b00000, 0x0000000082c00000, 0x0000000082c00000|100%| O|  |TAMS 0x0000000082c00000, 0x0000000082b00000| Untracked 
|  44|0x0000000082c00000, 0x0000000082d00000, 0x0000000082d00000|100%| O|  |TAMS 0x0000000082d00000, 0x0000000082c00000| Untracked 
|  45|0x0000000082d00000, 0x0000000082e00000, 0x0000000082e00000|100%| O|  |TAMS 0x0000000082e00000, 0x0000000082d00000| Untracked 
|  46|0x0000000082e00000, 0x0000000082f00000, 0x0000000082f00000|100%| O|  |TAMS 0x0000000082f00000, 0x0000000082e00000| Untracked 
|  47|0x0000000082f00000, 0x0000000083000000, 0x0000000083000000|100%| O|  |TAMS 0x0000000083000000, 0x0000000082f00000| Untracked 
|  48|0x0000000083000000, 0x0000000083100000, 0x0000000083100000|100%| O|  |TAMS 0x0000000083100000, 0x0000000083000000| Untracked 
|  49|0x0000000083100000, 0x0000000083200000, 0x0000000083200000|100%| O|  |TAMS 0x0000000083200000, 0x0000000083100000| Untracked 
|  50|0x0000000083200000, 0x0000000083300000, 0x0000000083300000|100%| O|  |TAMS 0x0000000083300000, 0x0000000083200000| Untracked 
|  51|0x0000000083300000, 0x0000000083400000, 0x0000000083400000|100%| O|  |TAMS 0x0000000083400000, 0x0000000083300000| Untracked 
|  52|0x0000000083400000, 0x0000000083500000, 0x0000000083500000|100%| O|  |TAMS 0x0000000083500000, 0x0000000083400000| Untracked 
|  53|0x0000000083500000, 0x0000000083600000, 0x0000000083600000|100%| O|  |TAMS 0x0000000083600000, 0x0000000083500000| Untracked 
|  54|0x0000000083600000, 0x0000000083700000, 0x0000000083700000|100%| O|  |TAMS 0x0000000083700000, 0x0000000083600000| Untracked 
|  55|0x0000000083700000, 0x0000000083800000, 0x0000000083800000|100%| O|  |TAMS 0x0000000083700000, 0x0000000083700000| Untracked 
|  56|0x0000000083800000, 0x0000000083900000, 0x0000000083900000|100%| O|  |TAMS 0x0000000083800000, 0x0000000083800000| Untracked 
|  57|0x0000000083900000, 0x0000000083a00000, 0x0000000083a00000|100%| O|  |TAMS 0x0000000083a00000, 0x0000000083900000| Untracked 
|  58|0x0000000083a00000, 0x0000000083b00000, 0x0000000083b00000|100%| O|  |TAMS 0x0000000083b00000, 0x0000000083a00000| Untracked 
|  59|0x0000000083b00000, 0x0000000083c00000, 0x0000000083c00000|100%| O|  |TAMS 0x0000000083b00000, 0x0000000083b00000| Untracked 
|  60|0x0000000083c00000, 0x0000000083d00000, 0x0000000083d00000|100%| O|  |TAMS 0x0000000083c00000, 0x0000000083c00000| Untracked 
|  61|0x0000000083d00000, 0x0000000083e00000, 0x0000000083e00000|100%|HS|  |TAMS 0x0000000083d00000, 0x0000000083d00000| Complete 
|  62|0x0000000083e00000, 0x0000000083f00000, 0x0000000083f00000|100%|HC|  |TAMS 0x0000000083e00000, 0x0000000083e00000| Complete 
|  63|0x0000000083f00000, 0x0000000084000000, 0x0000000084000000|100%| O|  |TAMS 0x0000000083f00000, 0x0000000083f00000| Untracked 
|  64|0x0000000084000000, 0x0000000084100000, 0x0000000084100000|100%| O|  |TAMS 0x0000000084000000, 0x0000000084000000| Untracked 
|  65|0x0000000084100000, 0x0000000084200000, 0x0000000084200000|100%| O|  |TAMS 0x0000000084100000, 0x0000000084100000| Untracked 
|  66|0x0000000084200000, 0x0000000084300000, 0x0000000084300000|100%| O|  |TAMS 0x0000000084200000, 0x0000000084200000| Untracked 
|  67|0x0000000084300000, 0x0000000084300000, 0x0000000084400000|  0%| F|  |TAMS 0x0000000084300000, 0x0000000084300000| Untracked 
|  68|0x0000000084400000, 0x0000000084400000, 0x0000000084500000|  0%| F|  |TAMS 0x0000000084400000, 0x0000000084400000| Untracked 
|  69|0x0000000084500000, 0x0000000084500000, 0x0000000084600000|  0%| F|  |TAMS 0x0000000084500000, 0x0000000084500000| Untracked 
|  70|0x0000000084600000, 0x0000000084600000, 0x0000000084700000|  0%| F|  |TAMS 0x0000000084600000, 0x0000000084600000| Untracked 
|  71|0x0000000084700000, 0x0000000084800000, 0x0000000084800000|100%| O|  |TAMS 0x0000000084800000, 0x0000000084700000| Untracked 
|  72|0x0000000084800000, 0x0000000084800000, 0x0000000084900000|  0%| F|  |TAMS 0x0000000084800000, 0x0000000084800000| Untracked 
|  73|0x0000000084900000, 0x0000000084900000, 0x0000000084a00000|  0%| F|  |TAMS 0x0000000084900000, 0x0000000084900000| Untracked 
|  74|0x0000000084a00000, 0x0000000084b00000, 0x0000000084b00000|100%| O|  |TAMS 0x0000000084b00000, 0x0000000084a00000| Untracked 
|  75|0x0000000084b00000, 0x0000000084c00000, 0x0000000084c00000|100%| O|  |TAMS 0x0000000084c00000, 0x0000000084b00000| Untracked 
|  76|0x0000000084c00000, 0x0000000084d00000, 0x0000000084d00000|100%| O|  |TAMS 0x0000000084d00000, 0x0000000084c00000| Untracked 
|  77|0x0000000084d00000, 0x0000000084e00000, 0x0000000084e00000|100%| O|  |TAMS 0x0000000084e00000, 0x0000000084d00000| Untracked 
|  78|0x0000000084e00000, 0x0000000084f00000, 0x0000000084f00000|100%| O|  |TAMS 0x0000000084ee0000, 0x0000000084e00000| Untracked 
|  79|0x0000000084f00000, 0x0000000084f00000, 0x0000000085000000|  0%| F|  |TAMS 0x0000000084f00000, 0x0000000084f00000| Untracked 
|  80|0x0000000085000000, 0x0000000085100000, 0x0000000085100000|100%| O|  |TAMS 0x0000000085100000, 0x0000000085000000| Untracked 
|  81|0x0000000085100000, 0x0000000085200000, 0x0000000085200000|100%| O|  |TAMS 0x0000000085200000, 0x0000000085100000| Untracked 
|  82|0x0000000085200000, 0x0000000085300000, 0x0000000085300000|100%| O|  |TAMS 0x0000000085300000, 0x0000000085200000| Untracked 
|  83|0x0000000085300000, 0x0000000085300000, 0x0000000085400000|  0%| F|  |TAMS 0x0000000085300000, 0x0000000085300000| Untracked 
|  84|0x0000000085400000, 0x0000000085500000, 0x0000000085500000|100%| O|  |TAMS 0x0000000085500000, 0x0000000085400000| Untracked 
|  85|0x0000000085500000, 0x0000000085500000, 0x0000000085600000|  0%| F|  |TAMS 0x0000000085500000, 0x0000000085500000| Untracked 
|  86|0x0000000085600000, 0x0000000085700000, 0x0000000085700000|100%| O|  |TAMS 0x0000000085700000, 0x0000000085600000| Untracked 
|  87|0x0000000085700000, 0x0000000085800000, 0x0000000085800000|100%| O|  |TAMS 0x0000000085800000, 0x0000000085700000| Untracked 
|  88|0x0000000085800000, 0x0000000085900000, 0x0000000085900000|100%| O|  |TAMS 0x0000000085900000, 0x0000000085800000| Untracked 
|  89|0x0000000085900000, 0x0000000085a00000, 0x0000000085a00000|100%| O|  |TAMS 0x0000000085a00000, 0x0000000085900000| Untracked 
|  90|0x0000000085a00000, 0x0000000085a00000, 0x0000000085b00000|  0%| F|  |TAMS 0x0000000085a00000, 0x0000000085a00000| Untracked 
|  91|0x0000000085b00000, 0x0000000085b00000, 0x0000000085c00000|  0%| F|  |TAMS 0x0000000085b00000, 0x0000000085b00000| Untracked 
|  92|0x0000000085c00000, 0x0000000085c00000, 0x0000000085d00000|  0%| F|  |TAMS 0x0000000085c00000, 0x0000000085c00000| Untracked 
|  93|0x0000000085d00000, 0x0000000085d00000, 0x0000000085e00000|  0%| F|  |TAMS 0x0000000085d00000, 0x0000000085d00000| Untracked 
|  94|0x0000000085e00000, 0x0000000085e00000, 0x0000000085f00000|  0%| F|  |TAMS 0x0000000085e00000, 0x0000000085e00000| Untracked 
|  95|0x0000000085f00000, 0x0000000085f00000, 0x0000000086000000|  0%| F|  |TAMS 0x0000000085f00000, 0x0000000085f00000| Untracked 
|  96|0x0000000086000000, 0x0000000086000000, 0x0000000086100000|  0%| F|  |TAMS 0x0000000086000000, 0x0000000086000000| Untracked 
|  97|0x0000000086100000, 0x0000000086200000, 0x0000000086200000|100%| S|  |TAMS 0x0000000086100000, 0x0000000086100000| Complete 
|  98|0x0000000086200000, 0x0000000086300000, 0x0000000086300000|100%| O|  |TAMS 0x0000000086300000, 0x0000000086200000| Untracked 
|  99|0x0000000086300000, 0x0000000086400000, 0x0000000086400000|100%| O|  |TAMS 0x0000000086400000, 0x0000000086300000| Untracked 
| 100|0x0000000086400000, 0x0000000086500000, 0x0000000086500000|100%| O|  |TAMS 0x0000000086500000, 0x0000000086400000| Untracked 
| 101|0x0000000086500000, 0x0000000086600000, 0x0000000086600000|100%| S|  |TAMS 0x0000000086500000, 0x0000000086500000| Complete 
| 102|0x0000000086600000, 0x0000000086700000, 0x0000000086700000|100%| S|  |TAMS 0x0000000086600000, 0x0000000086600000| Complete 
| 103|0x0000000086700000, 0x0000000086800000, 0x0000000086800000|100%| S|  |TAMS 0x0000000086700000, 0x0000000086700000| Complete 
| 104|0x0000000086800000, 0x0000000086900000, 0x0000000086900000|100%| S|  |TAMS 0x0000000086800000, 0x0000000086800000| Complete 
| 105|0x0000000086900000, 0x0000000086a00000, 0x0000000086a00000|100%| S|  |TAMS 0x0000000086900000, 0x0000000086900000| Complete 
| 106|0x0000000086a00000, 0x0000000086b00000, 0x0000000086b00000|100%| S|  |TAMS 0x0000000086a00000, 0x0000000086a00000| Complete 
| 107|0x0000000086b00000, 0x0000000086bff4a0, 0x0000000086c00000| 99%| E|CS|TAMS 0x0000000086b00000, 0x0000000086b00000| Complete 
| 108|0x0000000086c00000, 0x0000000086d00000, 0x0000000086d00000|100%| E|CS|TAMS 0x0000000086c00000, 0x0000000086c00000| Complete 
| 109|0x0000000086d00000, 0x0000000086e00000, 0x0000000086e00000|100%| E|CS|TAMS 0x0000000086d00000, 0x0000000086d00000| Complete 
| 110|0x0000000086e00000, 0x0000000086ec4e18, 0x0000000086f00000| 76%| E|CS|TAMS 0x0000000086e00000, 0x0000000086e00000| Complete 
| 111|0x0000000086f00000, 0x0000000087000000, 0x0000000087000000|100%| E|CS|TAMS 0x0000000086f00000, 0x0000000086f00000| Complete 
| 112|0x0000000087000000, 0x0000000087100000, 0x0000000087100000|100%| E|CS|TAMS 0x0000000087000000, 0x0000000087000000| Complete 
| 113|0x0000000087100000, 0x0000000087200000, 0x0000000087200000|100%| E|CS|TAMS 0x0000000087100000, 0x0000000087100000| Complete 
| 114|0x0000000087200000, 0x0000000087300000, 0x0000000087300000|100%| E|CS|TAMS 0x0000000087200000, 0x0000000087200000| Complete 
| 115|0x0000000087300000, 0x0000000087400000, 0x0000000087400000|100%| E|CS|TAMS 0x0000000087300000, 0x0000000087300000| Complete 
| 116|0x0000000087400000, 0x0000000087500000, 0x0000000087500000|100%| E|CS|TAMS 0x0000000087400000, 0x0000000087400000| Complete 
| 117|0x0000000087500000, 0x0000000087600000, 0x0000000087600000|100%| E|CS|TAMS 0x0000000087500000, 0x0000000087500000| Complete 
| 118|0x0000000087600000, 0x0000000087700000, 0x0000000087700000|100%| E|CS|TAMS 0x0000000087600000, 0x0000000087600000| Complete 
| 119|0x0000000087700000, 0x0000000087800000, 0x0000000087800000|100%| E|CS|TAMS 0x0000000087700000, 0x0000000087700000| Complete 
| 120|0x0000000087800000, 0x0000000087900000, 0x0000000087900000|100%| E|CS|TAMS 0x0000000087800000, 0x0000000087800000| Complete 
| 121|0x0000000087900000, 0x0000000087a00000, 0x0000000087a00000|100%| E|CS|TAMS 0x0000000087900000, 0x0000000087900000| Complete 
| 122|0x0000000087a00000, 0x0000000087b00000, 0x0000000087b00000|100%| E|CS|TAMS 0x0000000087a00000, 0x0000000087a00000| Complete 
| 123|0x0000000087b00000, 0x0000000087c00000, 0x0000000087c00000|100%| E|CS|TAMS 0x0000000087b00000, 0x0000000087b00000| Complete 
| 124|0x0000000087c00000, 0x0000000087d00000, 0x0000000087d00000|100%| E|CS|TAMS 0x0000000087c00000, 0x0000000087c00000| Complete 
| 125|0x0000000087d00000, 0x0000000087e00000, 0x0000000087e00000|100%| E|CS|TAMS 0x0000000087d00000, 0x0000000087d00000| Complete 
| 126|0x0000000087e00000, 0x0000000087f00000, 0x0000000087f00000|100%| E|CS|TAMS 0x0000000087e00000, 0x0000000087e00000| Complete 
| 127|0x0000000087f00000, 0x0000000088000000, 0x0000000088000000|100%| E|CS|TAMS 0x0000000087f00000, 0x0000000087f00000| Complete 
| 128|0x0000000088000000, 0x0000000088100000, 0x0000000088100000|100%| E|CS|TAMS 0x0000000088000000, 0x0000000088000000| Complete 
| 129|0x0000000088100000, 0x0000000088200000, 0x0000000088200000|100%| E|CS|TAMS 0x0000000088100000, 0x0000000088100000| Complete 
| 130|0x0000000088200000, 0x0000000088300000, 0x0000000088300000|100%| E|CS|TAMS 0x0000000088200000, 0x0000000088200000| Complete 
| 131|0x0000000088300000, 0x0000000088400000, 0x0000000088400000|100%| E|CS|TAMS 0x0000000088300000, 0x0000000088300000| Complete 
| 132|0x0000000088400000, 0x0000000088500000, 0x0000000088500000|100%| E|CS|TAMS 0x0000000088400000, 0x0000000088400000| Complete 
| 133|0x0000000088500000, 0x0000000088600000, 0x0000000088600000|100%| E|CS|TAMS 0x0000000088500000, 0x0000000088500000| Complete 
| 134|0x0000000088600000, 0x0000000088700000, 0x0000000088700000|100%| E|CS|TAMS 0x0000000088600000, 0x0000000088600000| Complete 
| 135|0x0000000088700000, 0x0000000088800000, 0x0000000088800000|100%| E|CS|TAMS 0x0000000088700000, 0x0000000088700000| Complete 
| 136|0x0000000088800000, 0x0000000088900000, 0x0000000088900000|100%| E|CS|TAMS 0x0000000088800000, 0x0000000088800000| Complete 
| 137|0x0000000088900000, 0x0000000088a00000, 0x0000000088a00000|100%| E|CS|TAMS 0x0000000088900000, 0x0000000088900000| Complete 
| 138|0x0000000088a00000, 0x0000000088b00000, 0x0000000088b00000|100%| E|CS|TAMS 0x0000000088a00000, 0x0000000088a00000| Complete 
| 139|0x0000000088b00000, 0x0000000088c00000, 0x0000000088c00000|100%| E|CS|TAMS 0x0000000088b00000, 0x0000000088b00000| Complete 
| 140|0x0000000088c00000, 0x0000000088d00000, 0x0000000088d00000|100%| E|CS|TAMS 0x0000000088c00000, 0x0000000088c00000| Complete 
| 141|0x0000000088d00000, 0x0000000088e00000, 0x0000000088e00000|100%| E|CS|TAMS 0x0000000088d00000, 0x0000000088d00000| Complete 
| 142|0x0000000088e00000, 0x0000000088f00000, 0x0000000088f00000|100%| E|CS|TAMS 0x0000000088e00000, 0x0000000088e00000| Complete 
| 143|0x0000000088f00000, 0x0000000089000000, 0x0000000089000000|100%| E|CS|TAMS 0x0000000088f00000, 0x0000000088f00000| Complete 
| 144|0x0000000089000000, 0x0000000089100000, 0x0000000089100000|100%| E|CS|TAMS 0x0000000089000000, 0x0000000089000000| Complete 
| 145|0x0000000089100000, 0x0000000089200000, 0x0000000089200000|100%| E|CS|TAMS 0x0000000089100000, 0x0000000089100000| Complete 
| 146|0x0000000089200000, 0x0000000089300000, 0x0000000089300000|100%| E|CS|TAMS 0x0000000089200000, 0x0000000089200000| Complete 
| 147|0x0000000089300000, 0x0000000089400000, 0x0000000089400000|100%| E|CS|TAMS 0x0000000089300000, 0x0000000089300000| Complete 
| 148|0x0000000089400000, 0x0000000089500000, 0x0000000089500000|100%| E|CS|TAMS 0x0000000089400000, 0x0000000089400000| Complete 
| 149|0x0000000089500000, 0x0000000089600000, 0x0000000089600000|100%| E|CS|TAMS 0x0000000089500000, 0x0000000089500000| Complete 
| 150|0x0000000089600000, 0x0000000089700000, 0x0000000089700000|100%| E|CS|TAMS 0x0000000089600000, 0x0000000089600000| Complete 
| 151|0x0000000089700000, 0x0000000089800000, 0x0000000089800000|100%| E|CS|TAMS 0x0000000089700000, 0x0000000089700000| Complete 
| 152|0x0000000089800000, 0x0000000089900000, 0x0000000089900000|100%| E|CS|TAMS 0x0000000089800000, 0x0000000089800000| Complete 
| 153|0x0000000089900000, 0x0000000089a00000, 0x0000000089a00000|100%| E|CS|TAMS 0x0000000089900000, 0x0000000089900000| Complete 
| 154|0x0000000089a00000, 0x0000000089b00000, 0x0000000089b00000|100%| E|CS|TAMS 0x0000000089a00000, 0x0000000089a00000| Complete 
| 155|0x0000000089b00000, 0x0000000089c00000, 0x0000000089c00000|100%| E|CS|TAMS 0x0000000089b00000, 0x0000000089b00000| Complete 
| 156|0x0000000089c00000, 0x0000000089d00000, 0x0000000089d00000|100%| E|CS|TAMS 0x0000000089c00000, 0x0000000089c00000| Complete 
| 157|0x0000000089d00000, 0x0000000089e00000, 0x0000000089e00000|100%| E|CS|TAMS 0x0000000089d00000, 0x0000000089d00000| Complete 
| 158|0x0000000089e00000, 0x0000000089f00000, 0x0000000089f00000|100%| E|CS|TAMS 0x0000000089e00000, 0x0000000089e00000| Complete 
| 159|0x0000000089f00000, 0x000000008a000000, 0x000000008a000000|100%| E|CS|TAMS 0x0000000089f00000, 0x0000000089f00000| Complete 
| 160|0x000000008a000000, 0x000000008a100000, 0x000000008a100000|100%| E|CS|TAMS 0x000000008a000000, 0x000000008a000000| Complete 
| 161|0x000000008a100000, 0x000000008a200000, 0x000000008a200000|100%| E|CS|TAMS 0x000000008a100000, 0x000000008a100000| Complete 
| 162|0x000000008a200000, 0x000000008a300000, 0x000000008a300000|100%| E|CS|TAMS 0x000000008a200000, 0x000000008a200000| Complete 
| 163|0x000000008a300000, 0x000000008a400000, 0x000000008a400000|100%| E|CS|TAMS 0x000000008a300000, 0x000000008a300000| Complete 
| 164|0x000000008a400000, 0x000000008a500000, 0x000000008a500000|100%| E|CS|TAMS 0x000000008a400000, 0x000000008a400000| Complete 
| 165|0x000000008a500000, 0x000000008a600000, 0x000000008a600000|100%| E|CS|TAMS 0x000000008a500000, 0x000000008a500000| Complete 
| 166|0x000000008a600000, 0x000000008a700000, 0x000000008a700000|100%| E|CS|TAMS 0x000000008a600000, 0x000000008a600000| Complete 
| 167|0x000000008a700000, 0x000000008a800000, 0x000000008a800000|100%| E|CS|TAMS 0x000000008a700000, 0x000000008a700000| Complete 
| 168|0x000000008a800000, 0x000000008a900000, 0x000000008a900000|100%| E|CS|TAMS 0x000000008a800000, 0x000000008a800000| Complete 
| 169|0x000000008a900000, 0x000000008aa00000, 0x000000008aa00000|100%| E|CS|TAMS 0x000000008a900000, 0x000000008a900000| Complete 
| 170|0x000000008aa00000, 0x000000008ab00000, 0x000000008ab00000|100%| E|CS|TAMS 0x000000008aa00000, 0x000000008aa00000| Complete 
| 171|0x000000008ab00000, 0x000000008ac00000, 0x000000008ac00000|100%| E|CS|TAMS 0x000000008ab00000, 0x000000008ab00000| Complete 
| 172|0x000000008ac00000, 0x000000008ad00000, 0x000000008ad00000|100%| E|CS|TAMS 0x000000008ac00000, 0x000000008ac00000| Complete 
| 173|0x000000008ad00000, 0x000000008ae00000, 0x000000008ae00000|100%| E|CS|TAMS 0x000000008ad00000, 0x000000008ad00000| Complete 
| 174|0x000000008ae00000, 0x000000008af00000, 0x000000008af00000|100%| E|CS|TAMS 0x000000008ae00000, 0x000000008ae00000| Complete 
| 175|0x000000008af00000, 0x000000008b000000, 0x000000008b000000|100%| E|CS|TAMS 0x000000008af00000, 0x000000008af00000| Complete 
| 176|0x000000008b000000, 0x000000008b100000, 0x000000008b100000|100%| E|CS|TAMS 0x000000008b000000, 0x000000008b000000| Complete 
| 177|0x000000008b100000, 0x000000008b200000, 0x000000008b200000|100%| E|CS|TAMS 0x000000008b100000, 0x000000008b100000| Complete 
| 178|0x000000008b200000, 0x000000008b300000, 0x000000008b300000|100%| E|CS|TAMS 0x000000008b200000, 0x000000008b200000| Complete 
| 179|0x000000008b300000, 0x000000008b400000, 0x000000008b400000|100%| E|CS|TAMS 0x000000008b300000, 0x000000008b300000| Complete 
| 180|0x000000008b400000, 0x000000008b500000, 0x000000008b500000|100%| E|CS|TAMS 0x000000008b400000, 0x000000008b400000| Complete 
| 181|0x000000008b500000, 0x000000008b600000, 0x000000008b600000|100%| E|CS|TAMS 0x000000008b500000, 0x000000008b500000| Complete 
| 182|0x000000008b600000, 0x000000008b700000, 0x000000008b700000|100%| E|CS|TAMS 0x000000008b600000, 0x000000008b600000| Complete 
| 183|0x000000008b700000, 0x000000008b800000, 0x000000008b800000|100%| E|CS|TAMS 0x000000008b700000, 0x000000008b700000| Complete 
| 184|0x000000008b800000, 0x000000008b900000, 0x000000008b900000|100%| E|CS|TAMS 0x000000008b800000, 0x000000008b800000| Complete 

Card table byte_map: [0x0000028560b00000,0x0000028560f00000] _byte_map_base: 0x0000028560700000

Marking Bits (Prev, Next): (CMBitMap*) 0x000002854d5fc788, (CMBitMap*) 0x000002854d5fc7c0
 Prev Bits: [0x0000028561300000, 0x0000028563300000)
 Next Bits: [0x0000028563300000, 0x0000028565300000)

Polling page: 0x00000285510b0000

Metaspace:

Usage:
  Non-class:     95.67 MB capacity,    94.02 MB ( 98%) used,     1.35 MB (  1%) free+waste,   306.06 KB ( <1%) overhead. 
      Class:     14.08 MB capacity,    13.17 MB ( 94%) used,   800.09 KB (  6%) free+waste,   134.06 KB ( <1%) overhead. 
       Both:    109.75 MB capacity,   107.18 MB ( 98%) used,     2.13 MB (  2%) free+waste,   440.13 KB ( <1%) overhead. 

Virtual space:
  Non-class space:       96.00 MB reserved,      95.75 MB (>99%) committed 
      Class space:        1.00 GB reserved,      14.20 MB (  1%) committed 
             Both:        1.09 GB reserved,     109.95 MB ( 10%) committed 

Chunk freelists:
   Non-Class:  19.00 KB
       Class:  15.00 KB
        Both:  34.00 KB

MaxMetaspaceSize: 17179869184.00 GB
CompressedClassSpaceSize: 1.00 GB

CodeHeap 'non-profiled nmethods': size=120064Kb used=11339Kb max_used=12045Kb free=108724Kb
 bounds [0x0000028558b90000, 0x0000028559760000, 0x00000285600d0000]
CodeHeap 'profiled nmethods': size=120000Kb used=34449Kb max_used=36873Kb free=85550Kb
 bounds [0x0000028551660000, 0x0000028553a80000, 0x0000028558b90000]
CodeHeap 'non-nmethods': size=5696Kb used=2400Kb max_used=2469Kb free=3295Kb
 bounds [0x00000285510d0000, 0x0000028551340000, 0x0000028551660000]
 total_blobs=16212 nmethods=15151 adapters=972
 compilation: enabled
              stopped_count=0, restarted_count=0
 full_count=0

Compilation events (20 events):
Event: 118.471 Thread 0x000002856796a000 16842   !   3       sun.nio.fs.AbstractFileSystemProvider::isRegularFile (20 bytes)
Event: 118.471 Thread 0x000002856796a000 nmethod 16842 0x0000028551691f10 code [0x00000285516920e0, 0x0000028551692438]
Event: 118.476 Thread 0x000002856796a000 16844       3       com.android.tools.r8.origin.PathOrigin::<init> (34 bytes)
Event: 118.477 Thread 0x000002856796a000 nmethod 16844 0x00000285516b9190 code [0x00000285516b9360, 0x00000285516b9678]
Event: 118.493 Thread 0x000002856796a000 16845       3       com.google.common.io.ByteStreams::toByteArrayInternal (119 bytes)
Event: 118.494 Thread 0x000002856796a000 nmethod 16845 0x00000285516bbb10 code [0x00000285516bbd60, 0x00000285516bc6d8]
Event: 118.494 Thread 0x000002856796a000 16846       3       com.google.common.io.ByteStreams::toByteArray (20 bytes)
Event: 118.495 Thread 0x000002856796a000 nmethod 16846 0x00000285516c4290 code [0x00000285516c4480, 0x00000285516c4978]
Event: 118.498 Thread 0x000002856796a000 16847       3       com.android.tools.r8.D8Command$Builder::d (2 bytes)
Event: 118.499 Thread 0x000002856796a000 nmethod 16847 0x0000028551680e90 code [0x0000028551681040, 0x0000028551681138]
Event: 118.500 Thread 0x000002856796a000 16848   !   3       com.android.tools.r8.BaseCommand$Builder::a (25 bytes)
Event: 118.500 Thread 0x000002856796a000 nmethod 16848 0x00000285516e2990 code [0x00000285516e2b80, 0x00000285516e3168]
Event: 118.501 Thread 0x000002856796a000 16849       3       com.android.builder.dexing.D8DexArchiveBuilder::lambda$convert$0 (19 bytes)
Event: 118.504 Thread 0x000002856796a000 nmethod 16849 0x000002855181b590 code [0x000002855181b8c0, 0x000002855181cd08]
Event: 118.504 Thread 0x000002856796a000 16851       3       com.android.builder.dexing.D8DiagnosticsHandler::getOrigin (65 bytes)
Event: 118.505 Thread 0x000002856796a000 nmethod 16851 0x0000028551790c90 code [0x0000028551790f40, 0x0000028551791d78]
Event: 118.505 Thread 0x000002856796a000 16850       3       com.android.builder.dexing.JarClassFileInput::createEntryFromEntry (20 bytes)
Event: 118.506 Thread 0x000002856796a000 nmethod 16850 0x00000285516e4490 code [0x00000285516e4680, 0x00000285516e4b08]
Event: 118.506 Thread 0x000002856796a000 16852       3       com.android.builder.dexing.JarClassFileInput$$Lambda$1144/0x0000000100e00440::apply (12 bytes)
Event: 118.507 Thread 0x000002856796a000 nmethod 16852 0x0000028551750510 code [0x0000028551750700, 0x0000028551750ce8]

GC Heap History (20 events):
Event: 91.990 GC heap after
{Heap after GC invocations=31 (full 0):
 garbage-first heap   total 189440K, used 80180K [0x0000000080000000, 0x0000000100000000)
  region size 1024K, 3 young (3072K), 3 survivors (3072K)
 Metaspace       used 103219K, capacity 105638K, committed 105804K, reserved 1140736K
  class space    used 12727K, capacity 13585K, committed 13644K, reserved 1048576K
}
Event: 93.994 GC heap before
{Heap before GC invocations=31 (full 0):
 garbage-first heap   total 189440K, used 152884K [0x0000000080000000, 0x0000000100000000)
  region size 1024K, 73 young (74752K), 3 survivors (3072K)
 Metaspace       used 104553K, capacity 106979K, committed 107340K, reserved 1142784K
  class space    used 12897K, capacity 13774K, committed 13900K, reserved 1048576K
}
Event: 94.006 GC heap after
{Heap after GC invocations=32 (full 0):
 garbage-first heap   total 189440K, used 81522K [0x0000000080000000, 0x0000000100000000)
  region size 1024K, 4 young (4096K), 4 survivors (4096K)
 Metaspace       used 104553K, capacity 106979K, committed 107340K, reserved 1142784K
  class space    used 12897K, capacity 13774K, committed 13900K, reserved 1048576K
}
Event: 99.687 GC heap before
{Heap before GC invocations=32 (full 0):
 garbage-first heap   total 189440K, used 153202K [0x0000000080000000, 0x0000000100000000)
  region size 1024K, 75 young (76800K), 4 survivors (4096K)
 Metaspace       used 107217K, capacity 109692K, committed 109900K, reserved 1144832K
  class space    used 13230K, capacity 14128K, committed 14156K, reserved 1048576K
}
Event: 99.703 GC heap after
{Heap after GC invocations=33 (full 0):
 garbage-first heap   total 189440K, used 82812K [0x0000000080000000, 0x0000000100000000)
  region size 1024K, 6 young (6144K), 6 survivors (6144K)
 Metaspace       used 107217K, capacity 109692K, committed 109900K, reserved 1144832K
  class space    used 13230K, capacity 14128K, committed 14156K, reserved 1048576K
}
Event: 110.395 GC heap before
{Heap before GC invocations=33 (full 0):
 garbage-first heap   total 189440K, used 153468K [0x0000000080000000, 0x0000000100000000)
  region size 1024K, 76 young (77824K), 6 survivors (6144K)
 Metaspace       used 108195K, capacity 110750K, committed 111052K, reserved 1146880K
  class space    used 13286K, capacity 14184K, committed 14284K, reserved 1048576K
}
Event: 110.409 GC heap after
{Heap after GC invocations=34 (full 0):
 garbage-first heap   total 189440K, used 84693K [0x0000000080000000, 0x0000000100000000)
  region size 1024K, 7 young (7168K), 7 survivors (7168K)
 Metaspace       used 108195K, capacity 110750K, committed 111052K, reserved 1146880K
  class space    used 13286K, capacity 14184K, committed 14284K, reserved 1048576K
}
Event: 112.056 GC heap before
{Heap before GC invocations=34 (full 0):
 garbage-first heap   total 189440K, used 158421K [0x0000000080000000, 0x0000000100000000)
  region size 1024K, 78 young (79872K), 7 survivors (7168K)
 Metaspace       used 108773K, capacity 111450K, committed 111564K, reserved 1146880K
  class space    used 13337K, capacity 14261K, committed 14284K, reserved 1048576K
}
Event: 112.074 GC heap after
{Heap after GC invocations=35 (full 0):
 garbage-first heap   total 189440K, used 87924K [0x0000000080000000, 0x0000000100000000)
  region size 1024K, 6 young (6144K), 6 survivors (6144K)
 Metaspace       used 108773K, capacity 111450K, committed 111564K, reserved 1146880K
  class space    used 13337K, capacity 14261K, committed 14284K, reserved 1048576K
}
Event: 113.142 GC heap before
{Heap before GC invocations=35 (full 0):
 garbage-first heap   total 189440K, used 159604K [0x0000000080000000, 0x0000000100000000)
  region size 1024K, 76 young (77824K), 6 survivors (6144K)
 Metaspace       used 108908K, capacity 111567K, committed 111692K, reserved 1146880K
  class space    used 13358K, capacity 14297K, committed 14412K, reserved 1048576K
}
Event: 113.156 GC heap after
{Heap after GC invocations=36 (full 0):
 garbage-first heap   total 189440K, used 88404K [0x0000000080000000, 0x0000000100000000)
  region size 1024K, 6 young (6144K), 6 survivors (6144K)
 Metaspace       used 108908K, capacity 111567K, committed 111692K, reserved 1146880K
  class space    used 13358K, capacity 14297K, committed 14412K, reserved 1048576K
}
Event: 113.976 GC heap before
{Heap before GC invocations=36 (full 0):
 garbage-first heap   total 189440K, used 160084K [0x0000000080000000, 0x0000000100000000)
  region size 1024K, 76 young (77824K), 6 survivors (6144K)
 Metaspace       used 108914K, capacity 111567K, committed 111692K, reserved 1146880K
  class space    used 13358K, capacity 14297K, committed 14412K, reserved 1048576K
}
Event: 113.988 GC heap after
{Heap after GC invocations=37 (full 0):
 garbage-first heap   total 189440K, used 85538K [0x0000000080000000, 0x0000000100000000)
  region size 1024K, 5 young (5120K), 5 survivors (5120K)
 Metaspace       used 108914K, capacity 111567K, committed 111692K, reserved 1146880K
  class space    used 13358K, capacity 14297K, committed 14412K, reserved 1048576K
}
Event: 114.941 GC heap before
{Heap before GC invocations=37 (full 0):
 garbage-first heap   total 189440K, used 161314K [0x0000000080000000, 0x0000000100000000)
  region size 1024K, 78 young (79872K), 5 survivors (5120K)
 Metaspace       used 108949K, capacity 111570K, committed 111692K, reserved 1146880K
  class space    used 13361K, capacity 14298K, committed 14412K, reserved 1048576K
}
Event: 114.953 GC heap after
{Heap after GC invocations=38 (full 0):
 garbage-first heap   total 189440K, used 87867K [0x0000000080000000, 0x0000000100000000)
  region size 1024K, 5 young (5120K), 5 survivors (5120K)
 Metaspace       used 108949K, capacity 111570K, committed 111692K, reserved 1146880K
  class space    used 13361K, capacity 14298K, committed 14412K, reserved 1048576K
}
Event: 115.828 GC heap before
{Heap before GC invocations=38 (full 0):
 garbage-first heap   total 189440K, used 161595K [0x0000000080000000, 0x0000000100000000)
  region size 1024K, 78 young (79872K), 5 survivors (5120K)
 Metaspace       used 108949K, capacity 111570K, committed 111692K, reserved 1146880K
  class space    used 13361K, capacity 14298K, committed 14412K, reserved 1048576K
}
Event: 115.842 GC heap after
{Heap after GC invocations=39 (full 0):
 garbage-first heap   total 189440K, used 89331K [0x0000000080000000, 0x0000000100000000)
  region size 1024K, 7 young (7168K), 7 survivors (7168K)
 Metaspace       used 108949K, capacity 111570K, committed 111692K, reserved 1146880K
  class space    used 13361K, capacity 14298K, committed 14412K, reserved 1048576K
}
Event: 117.404 GC heap before
{Heap before GC invocations=39 (full 0):
 garbage-first heap   total 189440K, used 162035K [0x0000000080000000, 0x0000000100000000)
  region size 1024K, 78 young (79872K), 7 survivors (7168K)
 Metaspace       used 108971K, capacity 111579K, committed 111692K, reserved 1146880K
  class space    used 13364K, capacity 14301K, committed 14412K, reserved 1048576K
}
Event: 117.416 GC heap after
{Heap after GC invocations=40 (full 0):
 garbage-first heap   total 189440K, used 85514K [0x0000000080000000, 0x0000000100000000)
  region size 1024K, 3 young (3072K), 3 survivors (3072K)
 Metaspace       used 108971K, capacity 111579K, committed 111692K, reserved 1146880K
  class space    used 13364K, capacity 14301K, committed 14412K, reserved 1048576K
}
Event: 118.517 GC heap before
{Heap before GC invocations=40 (full 0):
 garbage-first heap   total 189440K, used 163338K [0x0000000080000000, 0x0000000100000000)
  region size 1024K, 78 young (79872K), 3 survivors (3072K)
 Metaspace       used 109756K, capacity 112382K, committed 112588K, reserved 1146880K
  class space    used 13482K, capacity 14417K, committed 14540K, reserved 1048576K
}

Deoptimization events (20 events):
Event: 117.976 Thread 0x00000285693c6800 DEOPT PACKING pc=0x0000028558bc0660 sp=0x000000ad3d6f7a20
Event: 117.976 Thread 0x00000285693c6800 DEOPT UNPACKING pc=0x00000285510f782f sp=0x000000ad3d6f79c0 mode 2
Event: 118.286 Thread 0x00000285693c6800 Uncommon trap: trap_request=0xffffff7e fr.pc=0x00000285595f6438 relative=0x0000000000000738
Event: 118.286 Thread 0x00000285693c6800 Uncommon trap: reason=predicate action=maybe_recompile pc=0x00000285595f6438 method=java.util.regex.Pattern$SliceU.match(Ljava/util/regex/Matcher;ILjava/lang/CharSequence;)Z @ 18 c2
Event: 118.286 Thread 0x00000285693c6800 DEOPT PACKING pc=0x00000285595f6438 sp=0x000000ad3d6fac70
Event: 118.286 Thread 0x00000285693c6800 DEOPT UNPACKING pc=0x00000285510f782f sp=0x000000ad3d6fabf8 mode 2
Event: 118.459 Thread 0x00000285693c5800 DEOPT PACKING pc=0x0000028553a6b036 sp=0x000000ad3e4facb0
Event: 118.459 Thread 0x00000285693c5800 DEOPT UNPACKING pc=0x00000285510f764e sp=0x000000ad3e4fa190 mode 0
Event: 118.486 Thread 0x00000285693c7000 Uncommon trap: trap_request=0xffffff4d fr.pc=0x0000028558c170f8 relative=0x0000000000001878
Event: 118.486 Thread 0x00000285693c7000 Uncommon trap: reason=unstable_if action=reinterpret pc=0x0000028558c170f8 method=java.util.concurrent.ConcurrentHashMap.putVal(Ljava/lang/Object;Ljava/lang/Object;Z)Ljava/lang/Object; @ 162 c2
Event: 118.486 Thread 0x00000285693c7000 DEOPT PACKING pc=0x0000028558c170f8 sp=0x000000ad3e5f2cc0
Event: 118.486 Thread 0x00000285693c7000 DEOPT UNPACKING pc=0x00000285510f782f sp=0x000000ad3e5f2c78 mode 2
Event: 118.486 Thread 0x00000285693c7000 Uncommon trap: trap_request=0xffffff4d fr.pc=0x00000285595b84c4 relative=0x00000000000007a4
Event: 118.486 Thread 0x00000285693c7000 Uncommon trap: reason=unstable_if action=reinterpret pc=0x00000285595b84c4 method=com.google.common.collect.MapMakerInternalMap$Segment.getEntry(Ljava/lang/Object;I)Lcom/google/common/collect/MapMakerInternalMap$InternalEntry; @ 63 c2
Event: 118.486 Thread 0x00000285693c7000 DEOPT PACKING pc=0x00000285595b84c4 sp=0x000000ad3e5f2d20
Event: 118.486 Thread 0x00000285693c7000 DEOPT UNPACKING pc=0x00000285510f782f sp=0x000000ad3e5f2af0 mode 2
Event: 118.486 Thread 0x00000285693c7000 Uncommon trap: trap_request=0xffffff4d fr.pc=0x00000285591f1fa0 relative=0x0000000000001be0
Event: 118.486 Thread 0x00000285693c7000 Uncommon trap: reason=unstable_if action=reinterpret pc=0x00000285591f1fa0 method=com.google.common.collect.MapMakerInternalMap$Segment.put(Ljava/lang/Object;ILjava/lang/Object;Z)Ljava/lang/Object; @ 92 c2
Event: 118.486 Thread 0x00000285693c7000 DEOPT PACKING pc=0x00000285591f1fa0 sp=0x000000ad3e5f2c00
Event: 118.486 Thread 0x00000285693c7000 DEOPT UNPACKING pc=0x00000285510f782f sp=0x000000ad3e5f2ba8 mode 2

Classes redefined (0 events):
No events

Internal exceptions (20 events):
Event: 110.116 Thread 0x00000285693ca800 Exception <a 'java/lang/NoSuchMethodError'{0x00000000874ccff8}: <clinit>> (0x00000000874ccff8) thrown at [./src/hotspot/share/prims/jni.cpp, line 1362]
Event: 110.118 Thread 0x00000285693ca800 Exception <a 'java/lang/NoSuchMethodError'{0x00000000874e3e20}: <clinit>> (0x00000000874e3e20) thrown at [./src/hotspot/share/prims/jni.cpp, line 1362]
Event: 110.118 Thread 0x00000285693ca800 Exception <a 'java/lang/NoSuchMethodError'{0x00000000874e5300}: <clinit>> (0x00000000874e5300) thrown at [./src/hotspot/share/prims/jni.cpp, line 1362]
Event: 110.385 Thread 0x00000285693ca800 Exception <a 'sun/nio/fs/WindowsException'{0x000000008738a818}> (0x000000008738a818) thrown at [./src/hotspot/share/prims/jni.cpp, line 615]
Event: 110.385 Thread 0x00000285693ca800 Exception <a 'sun/nio/fs/WindowsException'{0x000000008738b6d8}> (0x000000008738b6d8) thrown at [./src/hotspot/share/prims/jni.cpp, line 615]
Event: 110.386 Thread 0x00000285693ca800 Exception <a 'sun/nio/fs/WindowsException'{0x000000008738bad8}> (0x000000008738bad8) thrown at [./src/hotspot/share/prims/jni.cpp, line 615]
Event: 110.387 Thread 0x00000285693ca800 Exception <a 'sun/nio/fs/WindowsException'{0x000000008738c978}> (0x000000008738c978) thrown at [./src/hotspot/share/prims/jni.cpp, line 615]
Event: 110.387 Thread 0x00000285693ca800 Exception <a 'sun/nio/fs/WindowsException'{0x000000008738ccc0}> (0x000000008738ccc0) thrown at [./src/hotspot/share/prims/jni.cpp, line 615]
Event: 110.387 Thread 0x00000285693ca800 Exception <a 'sun/nio/fs/WindowsException'{0x000000008738db78}> (0x000000008738db78) thrown at [./src/hotspot/share/prims/jni.cpp, line 615]
Event: 110.387 Thread 0x00000285693ca800 Exception <a 'sun/nio/fs/WindowsException'{0x000000008738de60}> (0x000000008738de60) thrown at [./src/hotspot/share/prims/jni.cpp, line 615]
Event: 110.388 Thread 0x00000285693ca800 Exception <a 'sun/nio/fs/WindowsException'{0x000000008738ece8}> (0x000000008738ece8) thrown at [./src/hotspot/share/prims/jni.cpp, line 615]
Event: 110.423 Thread 0x00000285693ca800 Exception <a 'java/lang/NoSuchMethodError'{0x000000008b872ec8}: <clinit>> (0x000000008b872ec8) thrown at [./src/hotspot/share/prims/jni.cpp, line 1362]
Event: 110.429 Thread 0x00000285693ca800 Exception <a 'java/lang/NoSuchMethodError'{0x000000008b8a2758}: <clinit>> (0x000000008b8a2758) thrown at [./src/hotspot/share/prims/jni.cpp, line 1362]
Event: 110.432 Thread 0x00000285693ca800 Exception <a 'java/lang/NoSuchMethodError'{0x000000008b8b52b0}: <clinit>> (0x000000008b8b52b0) thrown at [./src/hotspot/share/prims/jni.cpp, line 1362]
Event: 110.689 Thread 0x00000285693d2000 Exception <a 'java/lang/NoSuchMethodError'{0x000000008afd4a40}: 'int java.lang.invoke.DirectMethodHandle$Holder.invokeSpecialIFC(java.lang.Object, java.lang.Object, java.lang.Object)'> (0x000000008afd4a40) thrown at [./src/hotspot/share/interpreter/linkResolver.cpp, line 773]
Event: 111.932 Thread 0x00000285693d2000 Exception <a 'sun/nio/fs/WindowsException'{0x000000008afde2d8}> (0x000000008afde2d8) thrown at [./src/hotspot/share/prims/jni.cpp, line 615]
Event: 111.932 Thread 0x00000285693d2000 Exception <a 'sun/nio/fs/WindowsException'{0x000000008afde5b0}> (0x000000008afde5b0) thrown at [./src/hotspot/share/prims/jni.cpp, line 615]
Event: 112.316 Thread 0x000002856ace9000 Exception <a 'java/lang/NoSuchMethodError'{0x000000008a506270}: <clinit>> (0x000000008a506270) thrown at [./src/hotspot/share/prims/jni.cpp, line 1362]
Event: 112.320 Thread 0x000002856ace9000 Exception <a 'java/lang/NoSuchMethodError'{0x000000008a597338}: <clinit>> (0x000000008a597338) thrown at [./src/hotspot/share/prims/jni.cpp, line 1362]
Event: 118.473 Thread 0x00000285693c7000 Exception <a 'sun/nio/fs/WindowsException'{0x000000008743bf30}> (0x000000008743bf30) thrown at [./src/hotspot/share/prims/jni.cpp, line 615]

Events (20 events):
Event: 118.465 loading class com/android/tools/r8/utils/w$a done
Event: 118.467 loading class com/android/tools/r8/utils/w
Event: 118.467 loading class com/android/tools/r8/utils/w done
Event: 118.472 loading class com/android/tools/r8/CompilationFailedException
Event: 118.472 loading class com/android/tools/r8/CompilationFailedException done
Event: 118.473 loading class com/android/tools/r8/graph/T
Event: 118.473 loading class com/android/tools/r8/graph/T done
Event: 118.480 loading class com/android/tools/r8/internal/uh
Event: 118.480 loading class com/android/tools/r8/internal/uh done
Event: 118.481 loading class com/android/tools/r8/internal/th
Event: 118.481 loading class com/android/tools/r8/internal/th done
Event: 118.482 loading class com/android/tools/r8/internal/io
Event: 118.482 loading class com/android/tools/r8/internal/io done
Event: 118.483 loading class com/android/tools/r8/graph/V
Event: 118.483 loading class com/android/tools/r8/graph/V done
Event: 118.484 loading class com/android/tools/r8/internal/Bs
Event: 118.484 loading class com/android/tools/r8/internal/Bs done
Event: 118.486 loading class com/android/tools/r8/internal/BE
Event: 118.486 loading class com/android/tools/r8/internal/BE done
Event: 118.516 Executing VM operation: G1CollectForAllocation


Dynamic libraries:
0x00007ff60c2d0000 - 0x00007ff60c2da000 	D:\Android Studio\jre\bin\java.exe
0x00007ffdb5970000 - 0x00007ffdb5b65000 	C:\WINDOWS\SYSTEM32\ntdll.dll
0x00007ffdb5770000 - 0x00007ffdb582e000 	C:\WINDOWS\System32\KERNEL32.DLL
0x00007ffdb36f0000 - 0x00007ffdb39b9000 	C:\WINDOWS\System32\KERNELBASE.dll
0x00007ffdb3090000 - 0x00007ffdb3190000 	C:\WINDOWS\System32\ucrtbase.dll
0x00007ffd98a10000 - 0x00007ffd98a27000 	D:\Android Studio\jre\bin\VCRUNTIME140.dll
0x00007ffda0790000 - 0x00007ffda07a9000 	D:\Android Studio\jre\bin\jli.dll
0x00007ffdb5370000 - 0x00007ffdb5511000 	C:\WINDOWS\System32\USER32.dll
0x00007ffdb3400000 - 0x00007ffdb3422000 	C:\WINDOWS\System32\win32u.dll
0x00007ffdad850000 - 0x00007ffdadaea000 	C:\WINDOWS\WinSxS\amd64_microsoft.windows.common-controls_6595b64144ccf1df_6.0.19041.1110_none_60b5254171f9507e\COMCTL32.dll
0x00007ffdb42d0000 - 0x00007ffdb42fb000 	C:\WINDOWS\System32\GDI32.dll
0x00007ffdb5520000 - 0x00007ffdb55be000 	C:\WINDOWS\System32\msvcrt.dll
0x00007ffdb3190000 - 0x00007ffdb329b000 	C:\WINDOWS\System32\gdi32full.dll
0x00007ffdb3490000 - 0x00007ffdb352d000 	C:\WINDOWS\System32\msvcp_win.dll
0x00007ffdb4a40000 - 0x00007ffdb4a70000 	C:\WINDOWS\System32\IMM32.DLL
0x00007ffd79be0000 - 0x00007ffd79c7d000 	D:\Android Studio\jre\bin\msvcp140.dll
0x00007ffd75db0000 - 0x00007ffd7687f000 	D:\Android Studio\jre\bin\server\jvm.dll
0x00007ffdb4c00000 - 0x00007ffdb4cac000 	C:\WINDOWS\System32\ADVAPI32.dll
0x00007ffdb5830000 - 0x00007ffdb58cb000 	C:\WINDOWS\System32\sechost.dll
0x00007ffdb5130000 - 0x00007ffdb525a000 	C:\WINDOWS\System32\RPCRT4.dll
0x00007ffdb41f0000 - 0x00007ffdb41f8000 	C:\WINDOWS\System32\PSAPI.DLL
0x00007ffdaec30000 - 0x00007ffdaec57000 	C:\WINDOWS\SYSTEM32\WINMM.dll
0x00007ffda2e30000 - 0x00007ffda2e3a000 	C:\WINDOWS\SYSTEM32\VERSION.dll
0x00007ffdadf50000 - 0x00007ffdadf59000 	C:\WINDOWS\SYSTEM32\WSOCK32.dll
0x00007ffdb5270000 - 0x00007ffdb52db000 	C:\WINDOWS\System32\WS2_32.dll
0x00007ffdb0f90000 - 0x00007ffdb0fa2000 	C:\WINDOWS\SYSTEM32\kernel.appcore.dll
0x00007ffd98670000 - 0x00007ffd98681000 	D:\Android Studio\jre\bin\verify.dll
0x00007ffda68b0000 - 0x00007ffda6a94000 	C:\WINDOWS\SYSTEM32\DBGHELP.DLL
0x00007ffda6870000 - 0x00007ffda689c000 	C:\WINDOWS\SYSTEM32\dbgcore.DLL
0x00007ffdb3630000 - 0x00007ffdb36b3000 	C:\WINDOWS\System32\bcryptPrimitives.dll
0x00007ffd96ac0000 - 0x00007ffd96ae9000 	D:\Android Studio\jre\bin\java.dll
0x00007ffdadf40000 - 0x00007ffdadf4b000 	D:\Android Studio\jre\bin\jimage.dll
0x00007ffd98420000 - 0x00007ffd98438000 	D:\Android Studio\jre\bin\zip.dll
0x00007ffdb4300000 - 0x00007ffdb4a3f000 	C:\WINDOWS\System32\SHELL32.dll
0x00007ffdb1190000 - 0x00007ffdb1920000 	C:\WINDOWS\SYSTEM32\windows.storage.dll
0x00007ffdb3be0000 - 0x00007ffdb3f35000 	C:\WINDOWS\System32\combase.dll
0x00007ffdb2a10000 - 0x00007ffdb2a3c000 	C:\WINDOWS\SYSTEM32\Wldp.dll
0x00007ffdb4140000 - 0x00007ffdb41ee000 	C:\WINDOWS\System32\SHCORE.dll
0x00007ffdb4ba0000 - 0x00007ffdb4bf5000 	C:\WINDOWS\System32\shlwapi.dll
0x00007ffdb2fd0000 - 0x00007ffdb2fef000 	C:\WINDOWS\SYSTEM32\profapi.dll
0x00007ffd977b0000 - 0x00007ffd977ca000 	D:\Android Studio\jre\bin\net.dll
0x00007ffda7820000 - 0x00007ffda7928000 	C:\WINDOWS\SYSTEM32\WINHTTP.dll
0x00007ffdb2770000 - 0x00007ffdb27da000 	C:\WINDOWS\system32\mswsock.dll
0x00007ffd96cc0000 - 0x00007ffd96cd4000 	D:\Android Studio\jre\bin\nio.dll
0x00007ffd96e40000 - 0x00007ffd96e67000 	C:\Users\ishaa\.gradle\native\8bec1ad78214c89d9ad589b4d07fe93259594b29d510b10fafb7a158f7737e5d\windows-amd64\native-platform.dll
0x00007ffd7aff0000 - 0x00007ffd7b12d000 	C:\Users\ishaa\.gradle\native\53dbd7edfb1c66fb8903c78663c9afc45aea4f116125fa6feffd364cf09443e8\windows-amd64\native-platform-file-events.dll
0x00007ffda17b0000 - 0x00007ffda17ba000 	D:\Android Studio\jre\bin\management.dll
0x00007ffd9f780000 - 0x00007ffd9f78c000 	D:\Android Studio\jre\bin\management_ext.dll
0x00007ffdb2960000 - 0x00007ffdb2978000 	C:\WINDOWS\SYSTEM32\CRYPTSP.dll
0x00007ffdb20f0000 - 0x00007ffdb2124000 	C:\WINDOWS\system32\rsaenh.dll
0x00007ffdb36c0000 - 0x00007ffdb36e7000 	C:\WINDOWS\System32\bcrypt.dll
0x00007ffdb2f50000 - 0x00007ffdb2f7e000 	C:\WINDOWS\SYSTEM32\USERENV.dll
0x00007ffdb2980000 - 0x00007ffdb298c000 	C:\WINDOWS\SYSTEM32\CRYPTBASE.dll
0x00007ffdb2460000 - 0x00007ffdb249b000 	C:\WINDOWS\SYSTEM32\IPHLPAPI.DLL
0x00007ffdb5260000 - 0x00007ffdb5268000 	C:\WINDOWS\System32\NSI.dll
0x00007ffda9f80000 - 0x00007ffda9f97000 	C:\WINDOWS\SYSTEM32\dhcpcsvc6.DLL
0x00007ffdaa9f0000 - 0x00007ffdaaa0d000 	C:\WINDOWS\SYSTEM32\dhcpcsvc.DLL
0x00007ffdb24a0000 - 0x00007ffdb256c000 	C:\WINDOWS\SYSTEM32\DNSAPI.dll
0x00007ffd95180000 - 0x00007ffd951a7000 	D:\Android Studio\jre\bin\sunec.dll
0x00007ffda6d30000 - 0x00007ffda6d3a000 	C:\Windows\System32\rasadhlp.dll
0x00007ffda7f20000 - 0x00007ffda7f9f000 	C:\WINDOWS\System32\fwpuclnt.dll
0x00007ffd94f60000 - 0x00007ffd95104000 	D:\Android Studio\jre\bin\awt.dll
0x00007ffdb4200000 - 0x00007ffdb42cd000 	C:\WINDOWS\System32\OLEAUT32.dll
0x00007ffdb0ca0000 - 0x00007ffdb0ccf000 	C:\WINDOWS\SYSTEM32\dwmapi.dll
0x00007ffdb09d0000 - 0x00007ffdb0a60000 	C:\WINDOWS\SYSTEM32\apphelp.dll
0x00007ffdb0ad0000 - 0x00007ffdb0b6e000 	C:\WINDOWS\system32\uxtheme.dll

dbghelp: loaded successfully - version: 4.0.5 - missing functions: none
symbol engine: initialized successfully - sym options: 0x614 - pdb path: .;D:\Android Studio\jre\bin;C:\WINDOWS\SYSTEM32;C:\WINDOWS\WinSxS\amd64_microsoft.windows.common-controls_6595b64144ccf1df_6.0.19041.1110_none_60b5254171f9507e;D:\Android Studio\jre\bin\server;C:\Users\ishaa\.gradle\native\8bec1ad78214c89d9ad589b4d07fe93259594b29d510b10fafb7a158f7737e5d\windows-amd64;C:\Users\ishaa\.gradle\native\53dbd7edfb1c66fb8903c78663c9afc45aea4f116125fa6feffd364cf09443e8\windows-amd64

VM Arguments:
jvm_args: --add-opens=java.base/java.util=ALL-UNNAMED --add-opens=java.base/java.lang=ALL-UNNAMED --add-opens=java.base/java.lang.invoke=ALL-UNNAMED --add-opens=java.base/java.util=ALL-UNNAMED --add-opens=java.prefs/java.util.prefs=ALL-UNNAMED --add-opens=java.prefs/java.util.prefs=ALL-UNNAMED --add-opens=java.base/java.nio.charset=ALL-UNNAMED --add-opens=java.base/java.net=ALL-UNNAMED --add-opens=java.base/java.util.concurrent.atomic=ALL-UNNAMED -Xmx2048m -Dfile.encoding=UTF-8 -Duser.country=IN -Duser.language=en -Duser.variant 
java_command: org.gradle.launcher.daemon.bootstrap.GradleDaemon 7.0.2
java_class_path (initial): C:\Users\ishaa\.gradle\wrapper\dists\gradle-7.0.2-bin\857tjihv64xamwrf0h14cai3r\gradle-7.0.2\lib\gradle-launcher-7.0.2.jar
Launcher Type: SUN_STANDARD

[Global flags]
     intx CICompilerCount                          = 3                                         {product} {ergonomic}
     uint ConcGCThreads                            = 1                                         {product} {ergonomic}
     uint G1ConcRefinementThreads                  = 4                                         {product} {ergonomic}
   size_t G1HeapRegionSize                         = 1048576                                   {product} {ergonomic}
    uintx GCDrainStackTargetSize                   = 64                                        {product} {ergonomic}
   size_t InitialHeapSize                          = 134217728                                 {product} {ergonomic}
   size_t MarkStackSize                            = 4194304                                   {product} {ergonomic}
   size_t MaxHeapSize                              = 2147483648                                {product} {command line}
   size_t MaxNewSize                               = 1287651328                                {product} {ergonomic}
   size_t MinHeapDeltaBytes                        = 1048576                                   {product} {ergonomic}
    uintx NonNMethodCodeHeapSize                   = 5830732                                {pd product} {ergonomic}
    uintx NonProfiledCodeHeapSize                  = 122913754                              {pd product} {ergonomic}
    uintx ProfiledCodeHeapSize                     = 122913754                              {pd product} {ergonomic}
    uintx ReservedCodeCacheSize                    = 251658240                              {pd product} {ergonomic}
     bool SegmentedCodeCache                       = true                                      {product} {ergonomic}
     bool UseCompressedClassPointers               = true                                 {lp64_product} {ergonomic}
     bool UseCompressedOops                        = true                                 {lp64_product} {ergonomic}
     bool UseG1GC                                  = true                                      {product} {ergonomic}
     bool UseLargePagesIndividualAllocation        = false                                  {pd product} {ergonomic}

Logging:
Log output configuration:
 #0: stdout all=warning uptime,level,tags
 #1: stderr all=off uptime,level,tags

Environment Variables:
PATH=C:\Program Files\Common Files\Oracle\Java\javapath;C:\WINDOWS\system32;C:\WINDOWS;C:\WINDOWS\System32\Wbem;C:\WINDOWS\System32\WindowsPowerShell\v1.0\;C:\WINDOWS\System32\OpenSSH\;C:\Users\ishaa\scoop\shims;C:\Users\ishaa\AppData\Local\Microsoft\WindowsApps;;C:\Users\ishaa\AppData\Local\Programs\Microsoft VS Code\bin
USERNAME=ishaa
OS=Windows_NT
PROCESSOR_IDENTIFIER=Intel64 Family 6 Model 42 Stepping 7, GenuineIntel



---------------  S Y S T E M  ---------------

OS: Windows 10 , 64 bit Build 19041 (10.0.19041.1202)
OS uptime: 0 days 5:35 hours

CPU:total 4 (initial active 4) (2 cores per cpu, 2 threads per core) family 6 model 42 stepping 7 microcode 0x2f, cmov, cx8, fxsr, mmx, sse, sse2, sse3, ssse3, sse4.1, sse4.2, popcnt, avx, aes, clmul, ht, tsc, tscinvbit

Memory: 4k page, system-wide physical 8139M (1065M free)
TotalPageFile size 10059M (AvailPageFile size 2223M)
current process WorkingSet (physical memory assigned to process): 507M, peak: 507M
current process commit charge ("private bytes"): 534M, peak: 534M

vm_info: OpenJDK 64-Bit Server VM (11.0.10+0-b96-7249189) for windows-amd64 JRE (11.0.10+0-b96-7249189), built on Mar 31 2021 21:44:00 by "builder" with MS VC++ 14.0 (VS2015)

END.
